<?xml version="1.0" encoding="UTF-8"?>
<!-- Generated by org.testng.reporters.JUnitXMLReporter -->
<testsuite ignored="2" hostname="LAPTOP-59FR3IBJ" failures="0" tests="16" name="Test" time="48.032" errors="0" timestamp="2022-08-13T09:09:27 IST">
  <testcase classname="TestNG_Practicals.Test_07" name="A" time="0.005"/>
  <testcase classname="TestNG_Practicals.Test_07" name="C" time="0.001"/>
  <testcase classname="TestNG_Practicals.Test_06" name="C" time="0.0"/>
  <testcase classname="TestNG_Practicals.Test_06" name="D" time="0.0"/>
  <testcase classname="TestNG_Practicals.Test_06" name="A" time="0.001"/>
  <testcase classname="TestNG_Practicals.Test_06" name="A" time="0.0"/>
  <testcase classname="TestNG_Practicals.Test_06" name="A" time="0.0"/>
  <testcase classname="TestNG_Practicals.Test_05" name="A" time="0.0"/>
  <testcase classname="TestNG_Practicals.Test_05" name="B" time="0.001"/>
  <testcase classname="TestNG_Practicals.Test_05" name="C" time="0.001"/>
  <testcase classname="TestNG_Practicals.Test_04" name="login_page" time="9.138"/>
  <testcase classname="TestNG_Practicals.Test_03" name="Test_1" time="3.05"/>
  <testcase classname="TestNG_Practicals.Test_03" name="btn_click" time="3.076"/>
  <testcase classname="TestNG_Practicals.Test_03" name="getCurrenturl" time="0.004"/>
  <testcase classname="TestNG_Practicals.Test_03" name="getTitle" time="0.007"/>
  <testcase classname="TestNG_Practicals.Test_03" name="password" time="3.064"/>
  <testcase classname="TestNG_Practicals.Test_06" name="B" time="0.0">
    <ignored/>
  </testcase> <!-- B -->
  <testcase classname="TestNG_Practicals.Test_07" name="B" time="0.0">
    <ignored/>
  </testcase> <!-- B -->
</testsuite> <!-- Test -->
