<?xml version="1.0" encoding="UTF-8"?>
<!-- Generated by org.testng.reporters.JUnitXMLReporter -->
<testsuite ignored="1" hostname="LAPTOP-59FR3IBJ" failures="0" tests="4" name="Test_chrome" time="11.082" errors="0" timestamp="2022-08-14T18:37:23 IST">
  <testcase classname="Test_01.Test_01" name="Test_1" time="0.004"/>
  <testcase classname="Test_01.Test_01" name="Test_2" time="0.002"/>
  <testcase classname="Test_01.Test_01" name="Test_4" time="0.001"/>
  <testcase classname="Test_01.Test_01" name="Test_5" time="0.0"/>
  <testcase classname="Test_01.Test_01" name="Test_3" time="0.0">
    <ignored/>
  </testcase> <!-- Test_3 -->
</testsuite> <!-- Test_chrome -->
