<?xml version="1.0" encoding="UTF-8"?>
<!-- Generated by org.testng.reporters.JUnitXMLReporter -->
<testsuite ignored="0" hostname="LAPTOP-59FR3IBJ" failures="0" tests="4" name="Test" time="0.04" errors="0" timestamp="2022-08-14T17:49:20 IST">
  <testcase classname="TestNG_Practicals.Test_08" name="A" time="0.006"/>
  <testcase classname="TestNG_Practicals.Test_08" name="B" time="0.001"/>
  <testcase classname="TestNG_Practicals.Test_08" name="C" time="0.0"/>
  <testcase classname="TestNG_Practicals.Test_08" name="D" time="0.0"/>
</testsuite> <!-- Test -->
