<?xml version="1.0" encoding="UTF-8"?>
<!-- Generated by org.testng.reporters.JUnitXMLReporter -->
<testsuite ignored="0" hostname="LAPTOP-59FR3IBJ" failures="0" tests="5" name="Test_firefox" time="20.385" errors="0" timestamp="2022-08-14T18:38:08 IST">
  <testcase classname="Test_01.Test_01" name="Test_1" time="0.001"/>
  <testcase classname="Test_01.Test_01" name="Test_2" time="0.001"/>
  <testcase classname="Test_01.Test_01" name="Test_3" time="0.001"/>
  <testcase classname="Test_01.Test_01" name="Test_4" time="0.001"/>
  <testcase classname="Test_01.Test_01" name="Test_5" time="0.001"/>
</testsuite> <!-- Test_firefox -->
