<?xml version="1.0" encoding="UTF-8"?>
<testng-results ignored="0" total="1" passed="1" failed="0" skipped="0">
  <reporter-output>
  </reporter-output>
  <suite started-at="2023-01-11T12:49:11 IST" name="Default suite" finished-at="2023-01-11T12:50:11 IST" duration-ms="59881">
    <groups>
    </groups>
    <test started-at="2023-01-11T12:49:11 IST" name="Default test" finished-at="2023-01-11T12:50:11 IST" duration-ms="59881">
      <class name="Practice_Script.Amazon_Script">
        <test-method signature="Tc_001()[pri:0, instance:Practice_Script.Amazon_Script@1a451d4d]" started-at="2023-01-11T12:49:11 IST" name="Tc_001" finished-at="2023-01-11T12:50:11 IST" duration-ms="59850" status="PASS">
          <reporter-output>
          </reporter-output>
        </test-method> <!-- Tc_001 -->
      </class> <!-- Practice_Script.Amazon_Script -->
    </test> <!-- Default test -->
  </suite> <!-- Default suite -->
</testng-results>
